0 verbose cli C:\Program Files\nodejs\node.exe C:\Program Files\nodejs\node_modules\npm\bin\npm-cli.js
1 info using npm@11.6.2
2 info using node@v24.13.0
3 silly config load:file:C:\Program Files\nodejs\node_modules\npm\npmrc
4 silly config load:file:C:\Users\vince\Downloads\Theresian's Quest- Web\capstone\.npmrc
5 silly config load:file:C:\Users\vince\.npmrc
6 silly config load:file:C:\Users\vince\AppData\Roaming\npm\etc\npmrc
7 verbose title npm install
8 verbose argv "install" "--package-lock-only" "--ignore-scripts" "--offline" "--cache" ".npm-cache"
9 verbose logfile logs-max:10 dir:C:\Users\vince\Downloads\Theresian's Quest- Web\capstone\.npm-cache\_logs\2026-05-15T05_21_05_792Z-
10 verbose logfile C:\Users\vince\Downloads\Theresian's Quest- Web\capstone\.npm-cache\_logs\2026-05-15T05_21_05_792Z-debug-0.log
11 silly logfile done cleaning log files
12 silly packumentCache heap:2348810240 maxSize:587202560 maxEntrySize:293601280
13 http fetch GET https://registry.npmjs.org/npm attempt 1 failed with EACCES
14 silly idealTree buildDeps
15 warn EBADENGINE Unsupported engine {
15 warn EBADENGINE   package: 'saint-therese-portal@1.0.0',
15 warn EBADENGINE   required: { node: '18.x' },
15 warn EBADENGINE   current: { node: 'v24.13.0', npm: '11.6.2' }
15 warn EBADENGINE }
16 silly audit report null
17 verbose cwd C:\Users\vince\Downloads\Theresian's Quest- Web\capstone
18 verbose os Windows_NT 10.0.26200
19 verbose node v24.13.0
20 verbose npm  v11.6.2
21 verbose exit 0
22 info ok
